<?xml version="1.0" encoding="UTF-8"?>
<testng-results ignored="0" total="1" passed="1" failed="0" skipped="0">
  <reporter-output>
  </reporter-output>
  <suite started-at="2022-01-06T03:56:18Z" name="Default suite" finished-at="2022-01-06T03:56:23Z" duration-ms="4503">
    <groups>
    </groups>
    <test started-at="2022-01-06T03:56:18Z" name="Default test" finished-at="2022-01-06T03:56:23Z" duration-ms="4503">
      <class name="com.internetbanking.testCases.TC_LoginTest_001">
        <test-method is-config="true" signature="setup()[pri:0, instance:com.internetbanking.testCases.TC_LoginTest_001@7aaca91a]" started-at="2022-01-06T03:56:18Z" name="setup" finished-at="2022-01-06T03:56:20Z" duration-ms="1397" status="PASS">
          <reporter-output>
          </reporter-output>
        </test-method> <!-- setup -->
        <test-method signature="loginTest()[pri:0, instance:com.internetbanking.testCases.TC_LoginTest_001@7aaca91a]" started-at="2022-01-06T03:56:20Z" name="loginTest" finished-at="2022-01-06T03:56:23Z" duration-ms="3087" status="PASS">
          <reporter-output>
          </reporter-output>
        </test-method> <!-- loginTest -->
        <test-method is-config="true" signature="tearDown()[pri:0, instance:com.internetbanking.testCases.TC_LoginTest_001@7aaca91a]" started-at="2022-01-06T03:56:23Z" name="tearDown" finished-at="2022-01-06T03:56:23Z" duration-ms="1" status="PASS">
          <reporter-output>
          </reporter-output>
        </test-method> <!-- tearDown -->
      </class> <!-- com.internetbanking.testCases.TC_LoginTest_001 -->
    </test> <!-- Default test -->
  </suite> <!-- Default suite -->
</testng-results>
